# JRE version: OpenJDK Runtime Environment Temurin-19.0.2+7 (19.0.2+7) (build 19.0.2+7)
# Java VM: OpenJDK 64-Bit Server VM Temurin-19.0.2+7 (19.0.2+7, mixed mode, tiered, compressed oops, compressed class ptrs, g1 gc, windows-amd64)
GC Precious Log:
 CardTable entry size: 512
 Card Set container configuration: InlinePtr #cards 5 size 8 Array Of Cards #cards 12 size 40 Howl #buckets 4 coarsen threshold 1843 Howl Bitmap #cards 512 size 80 coarsen threshold 460 Card regions per heap region 1 cards per card region 2048
 CPUs: 8 total, 8 available
 Memory: 3484M
 Large Page Support: Disabled
 NUMA Support: Disabled
 Compressed Oops: Enabled (32-bit)
 Heap Region Size: 1M
 Heap Min Capacity: 8M
 Heap Initial Capacity: 56M
 Heap Max Capacity: 872M
 Pre-touch: Disabled
 Parallel Workers: 8
 Concurrent Workers: 2
 Concurrent Refinement Workers: 8
 Periodic GC: Disabled
Heap:
 garbage-first heap   total 57344K, used 17377K [0x00000000c9800000, 0x0000000100000000)
  region size 1024K, 3 young (3072K), 3 survivors (3072K)
 Metaspace       used 33557K, committed 33792K, reserved 1114112K
  class space    used 3726K, committed 3840K, reserved 1048576K
GC Heap History (15 events):
Event: 1.459 GC heap before
{Heap before GC invocations=0 (full 0):
 garbage-first heap   total 57344K, used 24576K [0x00000000c9800000, 0x0000000100000000)
  region size 1024K, 23 young (23552K), 0 survivors (0K)
 Metaspace       used 13650K, committed 13760K, reserved 1114112K
  class space    used 1298K, committed 1344K, reserved 1048576K
}
Event: 1.471 GC heap after
{Heap after GC invocations=1 (full 0):
 garbage-first heap   total 57344K, used 10432K [0x00000000c9800000, 0x0000000100000000)
  region size 1024K, 3 young (3072K), 3 survivors (3072K)
 Metaspace       used 13650K, committed 13760K, reserved 1114112K
  class space    used 1298K, committed 1344K, reserved 1048576K
}
Event: 2.344 GC heap before
{Heap before GC invocations=1 (full 0):
 garbage-first heap   total 57344K, used 27840K [0x00000000c9800000, 0x0000000100000000)
  region size 1024K, 20 young (20480K), 3 survivors (3072K)
 Metaspace       used 19441K, committed 19648K, reserved 1114112K
  class space    used 1957K, committed 2048K, reserved 1048576K
}
Event: 2.353 GC heap after
{Heap after GC invocations=2 (full 0):
 garbage-first heap   total 57344K, used 11993K [0x00000000c9800000, 0x0000000100000000)
  region size 1024K, 2 young (2048K), 2 survivors (2048K)
 Metaspace       used 19441K, committed 19648K, reserved 1114112K
  class space    used 1957K, committed 2048K, reserved 1048576K
}
Event: 2.694 GC heap before
{Heap before GC invocations=2 (full 0):
 garbage-first heap   total 57344K, used 19161K [0x00000000c9800000, 0x0000000100000000)
  region size 1024K, 10 young (10240K), 2 survivors (2048K)
 Metaspace       used 21312K, committed 21504K, reserved 1114112K
  class space    used 2221K, committed 2304K, reserved 1048576K
}
Event: 2.702 GC heap after
{Heap after GC invocations=3 (full 0):
 garbage-first heap   total 57344K, used 12444K [0x00000000c9800000, 0x0000000100000000)
  region size 1024K, 2 young (2048K), 2 survivors (2048K)
 Metaspace       used 21312K, committed 21504K, reserved 1114112K
  class space    used 2221K, committed 2304K, reserved 1048576K
}
Event: 3.703 GC heap before
{Heap before GC invocations=4 (full 0):
 garbage-first heap   total 48128K, used 33948K [0x00000000c9800000, 0x0000000100000000)
  region size 1024K, 24 young (24576K), 2 survivors (2048K)
 Metaspace       used 27250K, committed 27520K, reserved 1114112K
  class space    used 2955K, committed 3072K, reserved 1048576K
}
Event: 3.709 GC heap after
{Heap after GC invocations=5 (full 0):
 garbage-first heap   total 48128K, used 13628K [0x00000000c9800000, 0x0000000100000000)
  region size 1024K, 2 young (2048K), 2 survivors (2048K)
 Metaspace       used 27250K, committed 27520K, reserved 1114112K
  class space    used 2955K, committed 3072K, reserved 1048576K
}
Event: 3.728 GC heap before
{Heap before GC invocations=5 (full 0):
 garbage-first heap   total 48128K, used 13628K [0x00000000c9800000, 0x0000000100000000)
  region size 1024K, 3 young (3072K), 2 survivors (2048K)
 Metaspace       used 27375K, committed 27584K, reserved 1114112K
  class space    used 2969K, committed 3072K, reserved 1048576K
}
Event: 3.731 GC heap after
{Heap after GC invocations=6 (full 0):
 garbage-first heap   total 48128K, used 14016K [0x00000000c9800000, 0x0000000100000000)
  region size 1024K, 1 young (1024K), 1 survivors (1024K)
 Metaspace       used 27375K, committed 27584K, reserved 1114112K
  class space    used 2969K, committed 3072K, reserved 1048576K
}
Event: 4.670 GC heap before
{Heap before GC invocations=6 (full 0):
 garbage-first heap   total 48128K, used 30400K [0x00000000c9800000, 0x0000000100000000)
  region size 1024K, 18 young (18432K), 1 survivors (1024K)
 Metaspace       used 30150K, committed 30464K, reserved 1114112K
  class space    used 3305K, committed 3456K, reserved 1048576K
}
Event: 4.673 GC heap after
{Heap after GC invocations=7 (full 0):
 garbage-first heap   total 48128K, used 15121K [0x00000000c9800000, 0x0000000100000000)
  region size 1024K, 2 young (2048K), 2 survivors (2048K)
 Metaspace       used 30150K, committed 30464K, reserved 1114112K
  class space    used 3305K, committed 3456K, reserved 1048576K
}
Event: 5.190 GC heap before
{Heap before GC invocations=7 (full 0):
 garbage-first heap   total 48128K, used 32529K [0x00000000c9800000, 0x0000000100000000)
  region size 1024K, 19 young (19456K), 2 survivors (2048K)
 Metaspace       used 31559K, committed 31808K, reserved 1114112K
  class space    used 3453K, committed 3584K, reserved 1048576K
}
Event: 5.196 GC heap after
{Heap after GC invocations=8 (full 0):
 garbage-first heap   total 48128K, used 16165K [0x00000000c9800000, 0x0000000100000000)
  region size 1024K, 3 young (3072K), 3 survivors (3072K)
 Metaspace       used 31559K, committed 31808K, reserved 1114112K
  class space    used 3453K, committed 3584K, reserved 1048576K
}
Event: 5.835 GC heap before
{Heap before GC invocations=8 (full 0):
 garbage-first heap   total 48128K, used 33573K [0x00000000c9800000, 0x0000000100000000)
  region size 1024K, 20 young (20480K), 3 survivors (3072K)
 Metaspace       used 33557K, committed 33792K, reserved 1114112K
  class space    used 3726K, committed 3840K, reserved 1048576K
}

