# JRE version: OpenJDK Runtime Environment Temurin-19.0.2+7 (19.0.2+7) (build 19.0.2+7)
# Java VM: OpenJDK 64-Bit Server VM Temurin-19.0.2+7 (19.0.2+7, mixed mode, tiered, compressed oops, compressed class ptrs, g1 gc, windows-amd64)
GC Precious Log:
 CardTable entry size: 512
 Card Set container configuration: InlinePtr #cards 5 size 8 Array Of Cards #cards 12 size 40 Howl #buckets 4 coarsen threshold 1843 Howl Bitmap #cards 512 size 80 coarsen threshold 460 Card regions per heap region 1 cards per card region 2048
 CPUs: 8 total, 8 available
 Memory: 3484M
 Large Page Support: Disabled
 NUMA Support: Disabled
 Compressed Oops: Enabled (32-bit)
 Heap Region Size: 1M
 Heap Min Capacity: 8M
 Heap Initial Capacity: 56M
 Heap Max Capacity: 872M
 Pre-touch: Disabled
 Parallel Workers: 8
 Concurrent Workers: 2
 Concurrent Refinement Workers: 8
 Periodic GC: Disabled
Heap:
 garbage-first heap   total 92160K, used 57279K [0x00000000c9800000, 0x0000000100000000)
  region size 1024K, 2 young (2048K), 2 survivors (2048K)
 Metaspace       used 38233K, committed 38592K, reserved 1114112K
  class space    used 3899K, committed 4032K, reserved 1048576K
GC Heap History (20 events):
Event: 5.425 GC heap after
{Heap after GC invocations=13 (full 0):
 garbage-first heap   total 51200K, used 22987K [0x00000000c9800000, 0x0000000100000000)
  region size 1024K, 3 young (3072K), 3 survivors (3072K)
 Metaspace       used 26752K, committed 27008K, reserved 1114112K
  class space    used 2687K, committed 2816K, reserved 1048576K
}
Event: 5.623 GC heap before
{Heap before GC invocations=13 (full 0):
 garbage-first heap   total 51200K, used 37323K [0x00000000c9800000, 0x0000000100000000)
  region size 1024K, 17 young (17408K), 3 survivors (3072K)
 Metaspace       used 27037K, committed 27328K, reserved 1114112K
  class space    used 2700K, committed 2816K, reserved 1048576K
}
Event: 5.628 GC heap after
{Heap after GC invocations=14 (full 0):
 garbage-first heap   total 51200K, used 24248K [0x00000000c9800000, 0x0000000100000000)
  region size 1024K, 2 young (2048K), 2 survivors (2048K)
 Metaspace       used 27037K, committed 27328K, reserved 1114112K
  class space    used 2700K, committed 2816K, reserved 1048576K
}
Event: 6.238 GC heap before
{Heap before GC invocations=14 (full 0):
 garbage-first heap   total 51200K, used 38584K [0x00000000c9800000, 0x0000000100000000)
  region size 1024K, 16 young (16384K), 2 survivors (2048K)
 Metaspace       used 27569K, committed 27840K, reserved 1114112K
  class space    used 2764K, committed 2880K, reserved 1048576K
}
Event: 6.244 GC heap after
{Heap after GC invocations=15 (full 0):
 garbage-first heap   total 87040K, used 25197K [0x00000000c9800000, 0x0000000100000000)
  region size 1024K, 1 young (1024K), 1 survivors (1024K)
 Metaspace       used 27569K, committed 27840K, reserved 1114112K
  class space    used 2764K, committed 2880K, reserved 1048576K
}
Event: 9.649 GC heap before
{Heap before GC invocations=16 (full 0):
 garbage-first heap   total 87040K, used 66157K [0x00000000c9800000, 0x0000000100000000)
  region size 1024K, 40 young (40960K), 1 survivors (1024K)
 Metaspace       used 30502K, committed 30848K, reserved 1114112K
  class space    used 3061K, committed 3200K, reserved 1048576K
}
Event: 9.656 GC heap after
{Heap after GC invocations=17 (full 0):
 garbage-first heap   total 87040K, used 27053K [0x00000000c9800000, 0x0000000100000000)
  region size 1024K, 3 young (3072K), 3 survivors (3072K)
 Metaspace       used 30502K, committed 30848K, reserved 1114112K
  class space    used 3061K, committed 3200K, reserved 1048576K
}
Event: 9.689 GC heap before
{Heap before GC invocations=17 (full 0):
 garbage-first heap   total 87040K, used 28077K [0x00000000c9800000, 0x0000000100000000)
  region size 1024K, 4 young (4096K), 3 survivors (3072K)
 Metaspace       used 30777K, committed 31040K, reserved 1114112K
  class space    used 3088K, committed 3200K, reserved 1048576K
}
Event: 9.695 GC heap after
{Heap after GC invocations=18 (full 0):
 garbage-first heap   total 87040K, used 27009K [0x00000000c9800000, 0x0000000100000000)
  region size 1024K, 1 young (1024K), 1 survivors (1024K)
 Metaspace       used 30777K, committed 31040K, reserved 1114112K
  class space    used 3088K, committed 3200K, reserved 1048576K
}
Event: 10.405 GC heap before
{Heap before GC invocations=18 (full 0):
 garbage-first heap   total 87040K, used 66945K [0x00000000c9800000, 0x0000000100000000)
  region size 1024K, 39 young (39936K), 1 survivors (1024K)
 Metaspace       used 36670K, committed 36992K, reserved 1114112K
  class space    used 3737K, committed 3904K, reserved 1048576K
}
Event: 10.414 GC heap after
{Heap after GC invocations=19 (full 0):
 garbage-first heap   total 87040K, used 38369K [0x00000000c9800000, 0x0000000100000000)
  region size 1024K, 5 young (5120K), 5 survivors (5120K)
 Metaspace       used 36670K, committed 36992K, reserved 1114112K
  class space    used 3737K, committed 3904K, reserved 1048576K
}
Event: 10.722 GC heap before
{Heap before GC invocations=19 (full 0):
 garbage-first heap   total 87040K, used 66017K [0x00000000c9800000, 0x0000000100000000)
  region size 1024K, 30 young (30720K), 5 survivors (5120K)
 Metaspace       used 36686K, committed 37056K, reserved 1114112K
  class space    used 3737K, committed 3904K, reserved 1048576K
}
Event: 10.734 GC heap after
{Heap after GC invocations=20 (full 0):
 garbage-first heap   total 87040K, used 48048K [0x00000000c9800000, 0x0000000100000000)
  region size 1024K, 4 young (4096K), 4 survivors (4096K)
 Metaspace       used 36686K, committed 37056K, reserved 1114112K
  class space    used 3737K, committed 3904K, reserved 1048576K
}
Event: 10.940 GC heap before
{Heap before GC invocations=20 (full 0):
 garbage-first heap   total 87040K, used 65456K [0x00000000c9800000, 0x0000000100000000)
  region size 1024K, 21 young (21504K), 4 survivors (4096K)
 Metaspace       used 36923K, committed 37248K, reserved 1114112K
  class space    used 3765K, committed 3904K, reserved 1048576K
}
Event: 10.949 GC heap after
{Heap after GC invocations=21 (full 0):
 garbage-first heap   total 87040K, used 52224K [0x00000000c9800000, 0x0000000100000000)
  region size 1024K, 3 young (3072K), 3 survivors (3072K)
 Metaspace       used 36923K, committed 37248K, reserved 1114112K
  class space    used 3765K, committed 3904K, reserved 1048576K
}
Event: 11.129 GC heap before
{Heap before GC invocations=22 (full 0):
 garbage-first heap   total 92160K, used 68608K [0x00000000c9800000, 0x0000000100000000)
  region size 1024K, 18 young (18432K), 3 survivors (3072K)
 Metaspace       used 37241K, committed 37568K, reserved 1114112K
  class space    used 3796K, committed 3968K, reserved 1048576K
}
Event: 11.138 GC heap after
{Heap after GC invocations=23 (full 0):
 garbage-first heap   total 92160K, used 56783K [0x00000000c9800000, 0x0000000100000000)
  region size 1024K, 3 young (3072K), 3 survivors (3072K)
 Metaspace       used 37241K, committed 37568K, reserved 1114112K
  class space    used 3796K, committed 3968K, reserved 1048576K
}
Event: 11.147 GC heap before
{Heap before GC invocations=23 (full 0):
 garbage-first heap   total 92160K, used 57807K [0x00000000c9800000, 0x0000000100000000)
  region size 1024K, 4 young (4096K), 3 survivors (3072K)
 Metaspace       used 37254K, committed 37568K, reserved 1114112K
  class space    used 3796K, committed 3968K, reserved 1048576K
}
Event: 11.153 GC heap after
{Heap after GC invocations=24 (full 0):
 garbage-first heap   total 92160K, used 56428K [0x00000000c9800000, 0x0000000100000000)
  region size 1024K, 1 young (1024K), 1 survivors (1024K)
 Metaspace       used 37254K, committed 37568K, reserved 1114112K
  class space    used 3796K, committed 3968K, reserved 1048576K
}
Event: 11.560 GC heap before
{Heap before GC invocations=24 (full 0):
 garbage-first heap   total 92160K, used 70764K [0x00000000c9800000, 0x0000000100000000)
  region size 1024K, 16 young (16384K), 1 survivors (1024K)
 Metaspace       used 38233K, committed 38592K, reserved 1114112K
  class space    used 3899K, committed 4032K, reserved 1048576K
}

